build/app/intermediates/manifest_merge_blame_file/debug/manifest-merger-blame-debug-report.txt
1<?xml version="1.0" encoding="utf-8"?>
2<manifest xmlns:android="http://schemas.android.com/apk/res/android"
3    package="vn.company.hello"
4    android:versionCode="1"
5    android:versionName="1.0.0" >
6
7    <uses-sdk
8        android:minSdkVersion="21"
9        android:targetSdkVersion="33" />
10    <!--
11         The INTERNET permission is required for development. Specifically,
12         the Flutter tool needs it to communicate with the running application
13         to allow setting breakpoints, to provide hot reload, etc.
14    -->
15    <uses-permission android:name="android.permission.INTERNET" />
15-->src/main/AndroidManifest.xml:56:5-66
15-->src/main/AndroidManifest.xml:56:22-64
16
17    <queries>
17-->[com.linecorp.linesdk:linesdk:5.8.1] AndroidManifest.xml:9:5-19:15
18        <package android:name="jp.naver.line.android" />
18-->[com.linecorp.linesdk:linesdk:5.8.1] AndroidManifest.xml:10:9-57
18-->[com.linecorp.linesdk:linesdk:5.8.1] AndroidManifest.xml:10:18-54
19
20        <intent>
20-->[com.linecorp.linesdk:linesdk:5.8.1] AndroidManifest.xml:12:9-18:18
21            <action android:name="android.intent.action.VIEW" />
21-->[com.linecorp.linesdk:linesdk:5.8.1] AndroidManifest.xml:13:13-65
21-->[com.linecorp.linesdk:linesdk:5.8.1] AndroidManifest.xml:13:21-62
22
23            <category android:name="android.intent.category.BROWSABLE" />
23-->[com.linecorp.linesdk:linesdk:5.8.1] AndroidManifest.xml:15:13-74
23-->[com.linecorp.linesdk:linesdk:5.8.1] AndroidManifest.xml:15:23-71
24
25            <data android:scheme="https" />
25-->[com.linecorp.linesdk:linesdk:5.8.1] AndroidManifest.xml:17:13-44
25-->[com.linecorp.linesdk:linesdk:5.8.1] AndroidManifest.xml:17:19-41
26        </intent>
27
28        <package android:name="com.facebook.katana" />
28-->[com.facebook.android:facebook-common:16.2.0] AndroidManifest.xml:18:9-55
28-->[com.facebook.android:facebook-common:16.2.0] AndroidManifest.xml:18:18-52
29    </queries>
30
31    <uses-permission android:name="com.google.android.gms.permission.AD_ID" />
31-->[com.facebook.android:facebook-core:16.2.0] AndroidManifest.xml:16:5-79
31-->[com.facebook.android:facebook-core:16.2.0] AndroidManifest.xml:16:22-76
32    <uses-permission android:name="com.google.android.finsky.permission.BIND_GET_INSTALL_REFERRER_SERVICE" />
32-->[com.android.installreferrer:installreferrer:1.0] AndroidManifest.xml:9:5-110
32-->[com.android.installreferrer:installreferrer:1.0] AndroidManifest.xml:9:22-107
33
34    <application
35        android:name="android.app.Application"
36        android:appComponentFactory="androidx.core.app.CoreComponentFactory"
36-->[androidx.core:core:1.6.0] AndroidManifest.xml:24:18-86
37        android:debuggable="true"
38        android:icon="@mipmap/ic_launcher"
39        android:label="hello"
40        android:supportsRtl="true" >
40-->[com.linecorp.linesdk:linesdk:5.8.1] AndroidManifest.xml:21:18-44
41        <meta-data
42            android:name="com.facebook.sdk.ApplicationId"
43            android:value="@string/facebook_app_id" />
44        <meta-data
45            android:name="com.facebook.sdk.ClientToken"
46            android:value="@string/facebook_client_token" />
47
48        <activity
49            android:name="com.facebook.FacebookActivity"
50            android:configChanges="keyboard|keyboardHidden|screenLayout|screenSize|orientation"
51            android:label="@string/app_name"
52            android:theme="@style/com_facebook_activity_theme" />
52-->[com.facebook.android:facebook-common:16.2.0] AndroidManifest.xml:25:13-63
53        <activity
54            android:name="com.facebook.CustomTabActivity"
55            android:exported="true" >
56            <intent-filter>
57                <action android:name="android.intent.action.VIEW" />
57-->[com.linecorp.linesdk:linesdk:5.8.1] AndroidManifest.xml:13:13-65
57-->[com.linecorp.linesdk:linesdk:5.8.1] AndroidManifest.xml:13:21-62
58
59                <category android:name="android.intent.category.DEFAULT" />
59-->[com.linecorp.linesdk:linesdk:5.8.1] AndroidManifest.xml:43:17-76
59-->[com.linecorp.linesdk:linesdk:5.8.1] AndroidManifest.xml:43:27-73
60                <category android:name="android.intent.category.BROWSABLE" />
60-->[com.linecorp.linesdk:linesdk:5.8.1] AndroidManifest.xml:15:13-74
60-->[com.linecorp.linesdk:linesdk:5.8.1] AndroidManifest.xml:15:23-71
61
62                <data android:scheme="@string/fb_login_protocol_scheme" />
62-->[com.linecorp.linesdk:linesdk:5.8.1] AndroidManifest.xml:17:13-44
62-->[com.linecorp.linesdk:linesdk:5.8.1] AndroidManifest.xml:17:19-41
63            </intent-filter>
64            <intent-filter>
64-->[com.facebook.android:facebook-common:16.2.0] AndroidManifest.xml:31:13-40:29
65                <action android:name="android.intent.action.VIEW" />
65-->[com.linecorp.linesdk:linesdk:5.8.1] AndroidManifest.xml:13:13-65
65-->[com.linecorp.linesdk:linesdk:5.8.1] AndroidManifest.xml:13:21-62
66
67                <category android:name="android.intent.category.DEFAULT" />
67-->[com.linecorp.linesdk:linesdk:5.8.1] AndroidManifest.xml:43:17-76
67-->[com.linecorp.linesdk:linesdk:5.8.1] AndroidManifest.xml:43:27-73
68                <category android:name="android.intent.category.BROWSABLE" />
68-->[com.linecorp.linesdk:linesdk:5.8.1] AndroidManifest.xml:15:13-74
68-->[com.linecorp.linesdk:linesdk:5.8.1] AndroidManifest.xml:15:23-71
69
70                <data
70-->[com.linecorp.linesdk:linesdk:5.8.1] AndroidManifest.xml:17:13-44
71                    android:host="cct.vn.company.hello"
72                    android:scheme="fbconnect" />
72-->[com.linecorp.linesdk:linesdk:5.8.1] AndroidManifest.xml:17:19-41
73            </intent-filter>
74        </activity>
75        <activity
76            android:name="vn.company.hello.MainActivity"
77            android:configChanges="orientation|keyboardHidden|keyboard|screenSize|smallestScreenSize|locale|layoutDirection|fontScale|screenLayout|density|uiMode"
78            android:exported="true"
79            android:hardwareAccelerated="true"
80            android:launchMode="singleTop"
81            android:theme="@style/LaunchTheme"
82            android:windowSoftInputMode="adjustResize" >
83
84            <!--
85                 Specifies an Android theme to apply to this Activity as soon as
86                 the Android process has started. This theme is visible to the user
87                 while the Flutter UI initializes. After that, this theme continues
88                 to determine the Window background behind the Flutter UI.
89            -->
90            <meta-data
91                android:name="io.flutter.embedding.android.NormalTheme"
92                android:resource="@style/NormalTheme" />
93
94            <intent-filter>
95                <action android:name="android.intent.action.MAIN" />
96
97                <category android:name="android.intent.category.LAUNCHER" />
98            </intent-filter>
99        </activity>
100        <!--
101             Don't delete the meta-data below.
102             This is used by the Flutter tool to generate GeneratedPluginRegistrant.java
103        -->
104        <meta-data
105            android:name="flutterEmbedding"
106            android:value="2" />
107
108        <activity
108-->[com.linecorp.linesdk:linesdk:5.8.1] AndroidManifest.xml:22:9-24:59
109            android:name="com.linecorp.linesdk.openchat.ui.CreateOpenChatActivity"
109-->[com.linecorp.linesdk:linesdk:5.8.1] AndroidManifest.xml:23:13-83
110            android:theme="@style/AppTheme.NoActionBar" />
110-->[com.linecorp.linesdk:linesdk:5.8.1] AndroidManifest.xml:24:13-56
111        <!--
112         "launchMode" of this activity must not be singleInstance and singleTask because, this is
113         launched with using startActivityForResult().
114         This activity must be stacked on same Activity Stack of the caller.
115        -->
116        <activity
116-->[com.linecorp.linesdk:linesdk:5.8.1] AndroidManifest.xml:30:9-35:69
117            android:name="com.linecorp.linesdk.auth.internal.LineAuthenticationActivity"
117-->[com.linecorp.linesdk:linesdk:5.8.1] AndroidManifest.xml:31:13-89
118            android:configChanges="orientation|screenSize|keyboardHidden"
118-->[com.linecorp.linesdk:linesdk:5.8.1] AndroidManifest.xml:32:13-74
119            android:exported="false"
119-->[com.linecorp.linesdk:linesdk:5.8.1] AndroidManifest.xml:33:13-37
120            android:launchMode="singleTop"
120-->[com.linecorp.linesdk:linesdk:5.8.1] AndroidManifest.xml:34:13-43
121            android:theme="@style/LineSdk_AuthenticationActivity" />
121-->[com.linecorp.linesdk:linesdk:5.8.1] AndroidManifest.xml:35:13-66
122        <activity
122-->[com.linecorp.linesdk:linesdk:5.8.1] AndroidManifest.xml:36:9-48:20
123            android:name="com.linecorp.linesdk.auth.internal.LineAuthenticationCallbackActivity"
123-->[com.linecorp.linesdk:linesdk:5.8.1] AndroidManifest.xml:37:13-97
124            android:configChanges="orientation|screenSize|keyboardHidden"
124-->[com.linecorp.linesdk:linesdk:5.8.1] AndroidManifest.xml:38:13-74
125            android:exported="true" >
125-->[com.linecorp.linesdk:linesdk:5.8.1] AndroidManifest.xml:39:13-36
126            <intent-filter>
126-->[com.linecorp.linesdk:linesdk:5.8.1] AndroidManifest.xml:40:13-47:29
127                <action android:name="android.intent.action.VIEW" />
127-->[com.linecorp.linesdk:linesdk:5.8.1] AndroidManifest.xml:13:13-65
127-->[com.linecorp.linesdk:linesdk:5.8.1] AndroidManifest.xml:13:21-62
128
129                <category android:name="android.intent.category.DEFAULT" />
129-->[com.linecorp.linesdk:linesdk:5.8.1] AndroidManifest.xml:43:17-76
129-->[com.linecorp.linesdk:linesdk:5.8.1] AndroidManifest.xml:43:27-73
130                <category android:name="android.intent.category.BROWSABLE" />
130-->[com.linecorp.linesdk:linesdk:5.8.1] AndroidManifest.xml:15:13-74
130-->[com.linecorp.linesdk:linesdk:5.8.1] AndroidManifest.xml:15:23-71
131
132                <data android:scheme="lineauth" />
132-->[com.linecorp.linesdk:linesdk:5.8.1] AndroidManifest.xml:17:13-44
132-->[com.linecorp.linesdk:linesdk:5.8.1] AndroidManifest.xml:17:19-41
133            </intent-filter>
134        </activity>
135
136        <uses-library
136-->[androidx.window:window:1.0.0-beta04] AndroidManifest.xml:25:9-27:40
137            android:name="androidx.window.extensions"
137-->[androidx.window:window:1.0.0-beta04] AndroidManifest.xml:26:13-54
138            android:required="false" />
138-->[androidx.window:window:1.0.0-beta04] AndroidManifest.xml:27:13-37
139        <uses-library
139-->[androidx.window:window:1.0.0-beta04] AndroidManifest.xml:28:9-30:40
140            android:name="androidx.window.sidecar"
140-->[androidx.window:window:1.0.0-beta04] AndroidManifest.xml:29:13-51
141            android:required="false" />
141-->[androidx.window:window:1.0.0-beta04] AndroidManifest.xml:30:13-37
142
143        <activity android:name="com.facebook.CustomTabMainActivity" />
143-->[com.facebook.android:facebook-common:16.2.0] AndroidManifest.xml:26:9-71
143-->[com.facebook.android:facebook-common:16.2.0] AndroidManifest.xml:26:19-68
144        <activity
144-->[com.google.android.gms:play-services-auth:20.7.0] AndroidManifest.xml:23:9-27:75
145            android:name="com.google.android.gms.auth.api.signin.internal.SignInHubActivity"
145-->[com.google.android.gms:play-services-auth:20.7.0] AndroidManifest.xml:24:13-93
146            android:excludeFromRecents="true"
146-->[com.google.android.gms:play-services-auth:20.7.0] AndroidManifest.xml:25:13-46
147            android:exported="false"
147-->[com.google.android.gms:play-services-auth:20.7.0] AndroidManifest.xml:26:13-37
148            android:theme="@android:style/Theme.Translucent.NoTitleBar" />
148-->[com.google.android.gms:play-services-auth:20.7.0] AndroidManifest.xml:27:13-72
149        <!--
150            Service handling Google Sign-In user revocation. For apps that do not integrate with
151            Google Sign-In, this service will never be started.
152        -->
153        <service
153-->[com.google.android.gms:play-services-auth:20.7.0] AndroidManifest.xml:33:9-37:51
154            android:name="com.google.android.gms.auth.api.signin.RevocationBoundService"
154-->[com.google.android.gms:play-services-auth:20.7.0] AndroidManifest.xml:34:13-89
155            android:exported="true"
155-->[com.google.android.gms:play-services-auth:20.7.0] AndroidManifest.xml:35:13-36
156            android:permission="com.google.android.gms.auth.api.signin.permission.REVOCATION_NOTIFICATION"
156-->[com.google.android.gms:play-services-auth:20.7.0] AndroidManifest.xml:36:13-107
157            android:visibleToInstantApps="true" />
157-->[com.google.android.gms:play-services-auth:20.7.0] AndroidManifest.xml:37:13-48
158        <!--
159         The initialization ContentProvider will call FacebookSdk.sdkInitialize automatically
160         with the application context. This config is merged in with the host app's manifest,
161         but there can only be one provider with the same authority activated at any given
162         point; so if the end user has two or more different apps that use Facebook SDK, only the
163         first one will be able to use the provider. To work around this problem, we use the
164         following placeholder in the authority to identify each host application as if it was
165         a completely different provider.
166        -->
167        <provider
167-->[com.facebook.android:facebook-core:16.2.0] AndroidManifest.xml:29:9-32:40
168            android:name="com.facebook.internal.FacebookInitProvider"
168-->[com.facebook.android:facebook-core:16.2.0] AndroidManifest.xml:30:13-70
169            android:authorities="vn.company.hello.FacebookInitProvider"
169-->[com.facebook.android:facebook-core:16.2.0] AndroidManifest.xml:31:13-72
170            android:exported="false" />
170-->[com.facebook.android:facebook-core:16.2.0] AndroidManifest.xml:32:13-37
171
172        <receiver
172-->[com.facebook.android:facebook-core:16.2.0] AndroidManifest.xml:34:9-40:20
173            android:name="com.facebook.CurrentAccessTokenExpirationBroadcastReceiver"
173-->[com.facebook.android:facebook-core:16.2.0] AndroidManifest.xml:35:13-86
174            android:exported="false" >
174-->[com.facebook.android:facebook-core:16.2.0] AndroidManifest.xml:36:13-37
175            <intent-filter>
175-->[com.facebook.android:facebook-core:16.2.0] AndroidManifest.xml:37:13-39:29
176                <action android:name="com.facebook.sdk.ACTION_CURRENT_ACCESS_TOKEN_CHANGED" />
176-->[com.facebook.android:facebook-core:16.2.0] AndroidManifest.xml:38:17-95
176-->[com.facebook.android:facebook-core:16.2.0] AndroidManifest.xml:38:25-92
177            </intent-filter>
178        </receiver>
179        <receiver
179-->[com.facebook.android:facebook-core:16.2.0] AndroidManifest.xml:41:9-47:20
180            android:name="com.facebook.AuthenticationTokenManager$CurrentAuthenticationTokenChangedBroadcastReceiver"
180-->[com.facebook.android:facebook-core:16.2.0] AndroidManifest.xml:42:13-118
181            android:exported="false" >
181-->[com.facebook.android:facebook-core:16.2.0] AndroidManifest.xml:43:13-37
182            <intent-filter>
182-->[com.facebook.android:facebook-core:16.2.0] AndroidManifest.xml:44:13-46:29
183                <action android:name="com.facebook.sdk.ACTION_CURRENT_AUTHENTICATION_TOKEN_CHANGED" />
183-->[com.facebook.android:facebook-core:16.2.0] AndroidManifest.xml:45:17-103
183-->[com.facebook.android:facebook-core:16.2.0] AndroidManifest.xml:45:25-100
184            </intent-filter>
185        </receiver>
186
187        <activity
187-->[com.google.android.gms:play-services-base:18.0.1] AndroidManifest.xml:20:9-22:45
188            android:name="com.google.android.gms.common.api.GoogleApiActivity"
188-->[com.google.android.gms:play-services-base:18.0.1] AndroidManifest.xml:20:19-85
189            android:exported="false"
189-->[com.google.android.gms:play-services-base:18.0.1] AndroidManifest.xml:22:19-43
190            android:theme="@android:style/Theme.Translucent.NoTitleBar" />
190-->[com.google.android.gms:play-services-base:18.0.1] AndroidManifest.xml:21:19-78
191
192        <meta-data
192-->[com.google.android.gms:play-services-basement:18.2.0] AndroidManifest.xml:21:9-23:69
193            android:name="com.google.android.gms.version"
193-->[com.google.android.gms:play-services-basement:18.2.0] AndroidManifest.xml:22:13-58
194            android:value="@integer/google_play_services_version" />
194-->[com.google.android.gms:play-services-basement:18.2.0] AndroidManifest.xml:23:13-66
195
196        <provider
196-->[androidx.lifecycle:lifecycle-process:2.4.0] AndroidManifest.xml:26:9-34:20
197            android:name="androidx.startup.InitializationProvider"
197-->[androidx.lifecycle:lifecycle-process:2.4.0] AndroidManifest.xml:27:13-67
198            android:authorities="vn.company.hello.androidx-startup"
198-->[androidx.lifecycle:lifecycle-process:2.4.0] AndroidManifest.xml:28:13-68
199            android:exported="false" >
199-->[androidx.lifecycle:lifecycle-process:2.4.0] AndroidManifest.xml:29:13-37
200            <meta-data
200-->[androidx.lifecycle:lifecycle-process:2.4.0] AndroidManifest.xml:31:13-33:52
201                android:name="androidx.lifecycle.ProcessLifecycleInitializer"
201-->[androidx.lifecycle:lifecycle-process:2.4.0] AndroidManifest.xml:32:17-78
202                android:value="androidx.startup" />
202-->[androidx.lifecycle:lifecycle-process:2.4.0] AndroidManifest.xml:33:17-49
203        </provider>
204        <provider
204-->[com.squareup.picasso:picasso:2.8] AndroidManifest.xml:8:9-11:40
205            android:name="com.squareup.picasso.PicassoProvider"
205-->[com.squareup.picasso:picasso:2.8] AndroidManifest.xml:9:13-64
206            android:authorities="vn.company.hello.com.squareup.picasso"
206-->[com.squareup.picasso:picasso:2.8] AndroidManifest.xml:10:13-72
207            android:exported="false" />
207-->[com.squareup.picasso:picasso:2.8] AndroidManifest.xml:11:13-37
208    </application>
209
210</manifest>